0 info it worked if it ends with ok
1 verbose cli [ 'c:\\Program Files\\nodejs\\node.exe',
1 verbose cli   'c:\\Program Files\\nodejs\\node_modules\\npm\\bin\\npm-cli.js',
1 verbose cli   'run',
1 verbose cli   'dev' ]
2 info using npm@3.3.12
3 info using node@v5.1.0
4 verbose run-script [ 'predev', 'dev', 'postdev' ]
5 info lifecycle aurelia-skeleton-navigation-webpack@1.0.0-beta.1.2.4~predev: aurelia-skeleton-navigation-webpack@1.0.0-beta.1.2.4
6 silly lifecycle aurelia-skeleton-navigation-webpack@1.0.0-beta.1.2.4~predev: no script for predev, continuing
7 info lifecycle aurelia-skeleton-navigation-webpack@1.0.0-beta.1.2.4~dev: aurelia-skeleton-navigation-webpack@1.0.0-beta.1.2.4
8 verbose lifecycle aurelia-skeleton-navigation-webpack@1.0.0-beta.1.2.4~dev: unsafe-perm in lifecycle true
9 verbose lifecycle aurelia-skeleton-navigation-webpack@1.0.0-beta.1.2.4~dev: PATH: c:\Program Files\nodejs\node_modules\npm\bin\node-gyp-bin;d:\Labs\albaPg\clientAlba\node_modules\.bin;c:\Users\magnus.hansson\bin;.;c:\Program Files (x86)\Git\local\bin;c:\Program Files (x86)\Git\mingw\bin;c:\Program Files (x86)\Git\bin;c:\Program Files\ConEmu\ConEmu\Scripts;c:\Program Files\ConEmu;c:\Program Files\ConEmu\ConEmu;c:\ProgramData\Oracle\Java\javapath;c:\Windows\system32;c:\Windows;c:\Windows\System32\Wbem;c:\Windows\System32\WindowsPowerShell\v1.0\;c:\Program Files (x86)\Microsoft Application Virtualization Client;c:\Program Files\Microsoft System Center 2012 R2\Service Manager\;c:\Program Files (x86)\Windows Kits\8.1\Windows Performance Toolkit\;c:\Program Files\Microsoft SQL Server\120\Tools\Binn\;c:\Program Files\Microsoft SQL Server\120\DTS\Binn\;c:\Program Files\Microsoft SQL Server\Client SDK\ODBC\110\Tools\Binn\;c:\Program Files (x86)\Microsoft SQL Server\120\Tools\Binn\;c:\Program Files (x86)\Microsoft SQL Server\120\Tools\Binn\ManagementStudio\;c:\Program Files (x86)\Microsoft SQL Server\120\DTS\Binn\;c:\Program Files (x86)\Git\bin\;c:\Program Files (x86)\Microsoft SQL Server\100\Tools\Binn\VSShell\Common7\IDE\;c:\Program Files (x86)\Microsoft SQL Server\100\Tools\Binn\;c:\Program Files\Microsoft SQL Server\100\Tools\Binn\;c:\Program Files (x86)\Microsoft Visual Studio 9.0\Common7\IDE\PrivateAssemblies\;c:\Program Files (x86)\Microsoft SQL Server\100\DTS\Binn\;c:\Program Files\SourceGear\Common\DiffMerge\;c:\Users\magnus.hansson\.dnx\bin;c:\Program Files\Microsoft DNX\Dnvm\;c:\Program Files (x86)\Brackets\command;c:\Windows\System32\WindowsPowerShell\v1.0\;c:\Program Files\nodejs\;c:\Program Files (x86)\NVIDIA Corporation\PhysX\Common;d:\Program Files (x86)\java\bin\;c:\Windows\System32\WindowsPowerShell\v1.0\;c:\Users\magnus.hansson\.dnx\bin;c:\Program Files (x86)\Microsoft VS Code\bin;c:\Users\magnus.hansson\AppData\Roaming\npm
10 verbose lifecycle aurelia-skeleton-navigation-webpack@1.0.0-beta.1.2.4~dev: CWD: d:\Labs\albaPg\clientAlba
11 silly lifecycle aurelia-skeleton-navigation-webpack@1.0.0-beta.1.2.4~dev: Args: [ '/d /s /c',
11 silly lifecycle   'webpack-dev-server --config webpack.config.js --hot --inline --progress --devtool source-map' ]
12 silly lifecycle aurelia-skeleton-navigation-webpack@1.0.0-beta.1.2.4~dev: Returned: code: 1  signal: null
13 info lifecycle aurelia-skeleton-navigation-webpack@1.0.0-beta.1.2.4~dev: Failed to exec dev script
14 verbose stack Error: aurelia-skeleton-navigation-webpack@1.0.0-beta.1.2.4 dev: `webpack-dev-server --config webpack.config.js --hot --inline --progress --devtool source-map`
14 verbose stack Exit status 1
14 verbose stack     at EventEmitter.<anonymous> (c:\Program Files\nodejs\node_modules\npm\lib\utils\lifecycle.js:232:16)
14 verbose stack     at emitTwo (events.js:87:13)
14 verbose stack     at EventEmitter.emit (events.js:172:7)
14 verbose stack     at ChildProcess.<anonymous> (c:\Program Files\nodejs\node_modules\npm\lib\utils\spawn.js:24:14)
14 verbose stack     at emitTwo (events.js:87:13)
14 verbose stack     at ChildProcess.emit (events.js:172:7)
14 verbose stack     at maybeClose (internal/child_process.js:818:16)
14 verbose stack     at Process.ChildProcess._handle.onexit (internal/child_process.js:211:5)
15 verbose pkgid aurelia-skeleton-navigation-webpack@1.0.0-beta.1.2.4
16 verbose cwd d:\Labs\albaPg\clientAlba
17 error Windows_NT 6.1.7601
18 error argv "c:\\Program Files\\nodejs\\node.exe" "c:\\Program Files\\nodejs\\node_modules\\npm\\bin\\npm-cli.js" "run" "dev"
19 error node v5.1.0
20 error npm  v3.3.12
21 error code ELIFECYCLE
22 error aurelia-skeleton-navigation-webpack@1.0.0-beta.1.2.4 dev: `webpack-dev-server --config webpack.config.js --hot --inline --progress --devtool source-map`
22 error Exit status 1
23 error Failed at the aurelia-skeleton-navigation-webpack@1.0.0-beta.1.2.4 dev script 'webpack-dev-server --config webpack.config.js --hot --inline --progress --devtool source-map'.
23 error Make sure you have the latest version of node.js and npm installed.
23 error If you do, this is most likely a problem with the aurelia-skeleton-navigation-webpack package,
23 error not with npm itself.
23 error Tell the author that this fails on your system:
23 error     webpack-dev-server --config webpack.config.js --hot --inline --progress --devtool source-map
23 error You can get their info via:
23 error     npm owner ls aurelia-skeleton-navigation-webpack
23 error There is likely additional logging output above.
24 verbose exit [ 1, true ]
